#-----------------------------------------------------------
# Vivado v2018.2 (64-bit)
# SW Build 2258646 on Thu Jun 14 20:03:12 MDT 2018
# IP Build 2256618 on Thu Jun 14 22:10:49 MDT 2018
# Start of session at: Thu May  7 12:10:54 2020
# Process ID: 38208
# Current directory: C:/Users/AMRITHA/Coll_avoidance_total
# Command line: vivado.exe -gui_launcher_event rodinguilauncherevent41760 C:\Users\AMRITHA\Coll_avoidance_total\Coll_avoidance_total.xpr
# Log file: C:/Users/AMRITHA/Coll_avoidance_total/vivado.log
# Journal file: C:/Users/AMRITHA/Coll_avoidance_total\vivado.jou
#-----------------------------------------------------------
start_gui
open_project C:/Users/AMRITHA/Coll_avoidance_total/Coll_avoidance_total.xpr
Scanning sources...
Finished scanning sources
INFO: [IP_Flow 19-234] Refreshing IP repositories
INFO: [IP_Flow 19-1704] No user IP repositories specified
INFO: [IP_Flow 19-2313] Loaded Vivado IP repository 'C:/Xilinx/Vivado/2018.2/data/ip'.
open_project: Time (s): cpu = 00:00:18 ; elapsed = 00:00:26 . Memory (MB): peak = 778.309 ; gain = 76.230
update_compile_order -fileset sources_1
