INFO: [VRFC 10-2263] Analyzing Verilog file "D:/Repository/FYP-FINAL/project final files/all verilog files/Velocity_selector.v" into library xil_defaultlib
INFO: [VRFC 10-311] analyzing module Velocity_selector
INFO: [VRFC 10-2263] Analyzing Verilog file "D:/Repository/FYP-FINAL/project final files/all verilog files/adder_16bit.v" into library xil_defaultlib
INFO: [VRFC 10-311] analyzing module adder_16bit
INFO: [VRFC 10-2263] Analyzing Verilog file "D:/Repository/FYP-FINAL/project final files/all verilog files/adder_4bit.v" into library xil_defaultlib
INFO: [VRFC 10-311] analyzing module adder_4bit
INFO: [VRFC 10-2263] Analyzing Verilog file "D:/Repository/FYP-FINAL/project final files/all verilog files/adder_64bit.v" into library xil_defaultlib
INFO: [VRFC 10-311] analyzing module adder_64bit
INFO: [VRFC 10-2263] Analyzing Verilog file "D:/Repository/FYP-FINAL/project final files/all verilog files/coll_det.v" into library xil_defaultlib
INFO: [VRFC 10-311] analyzing module coll_det
INFO: [VRFC 10-2263] Analyzing Verilog file "D:/Repository/FYP-FINAL/project final files/all verilog files/comparator.v" into library xil_defaultlib
INFO: [VRFC 10-311] analyzing module comparator
INFO: [VRFC 10-2263] Analyzing Verilog file "D:/Repository/FYP-FINAL/project final files/all verilog files/full_adder.v" into library xil_defaultlib
INFO: [VRFC 10-311] analyzing module full_adder
INFO: [VRFC 10-2263] Analyzing Verilog file "D:/Repository/FYP-FINAL/project final files/all verilog files/multiplier_16bit.v" into library xil_defaultlib
INFO: [VRFC 10-311] analyzing module multiplier_16bit
INFO: [VRFC 10-2263] Analyzing Verilog file "D:/Repository/FYP-FINAL/project final files/all verilog files/shifter.v" into library xil_defaultlib
INFO: [VRFC 10-311] analyzing module shifter
INFO: [VRFC 10-2263] Analyzing Verilog file "D:/Repository/FYP-FINAL/project final files/all verilog files/simultaneous_read.v" into library xil_defaultlib
INFO: [VRFC 10-311] analyzing module read_test
INFO: [VRFC 10-2263] Analyzing Verilog file "D:/Repository/FYP-FINAL/project final files/all verilog files/subtractor_16bit.v" into library xil_defaultlib
INFO: [VRFC 10-311] analyzing module subtractor_16bit
INFO: [VRFC 10-2263] Analyzing Verilog file "D:/Repository/FYP-FINAL/project final files/all verilog files/subtractor_4bit.v" into library xil_defaultlib
INFO: [VRFC 10-311] analyzing module subtractor_4bit
INFO: [VRFC 10-2263] Analyzing Verilog file "D:/Repository/FYP-FINAL/project final files/all verilog files/update_module.v" into library xil_defaultlib
INFO: [VRFC 10-311] analyzing module update_module
INFO: [VRFC 10-2263] Analyzing Verilog file "D:/Repository/FYP-FINAL/project final files/all verilog files/write_simultaneous.v" into library xil_defaultlib
INFO: [VRFC 10-311] analyzing module write_test
INFO: [VRFC 10-2263] Analyzing Verilog file "D:/Repository/FYP-FINAL/project final files/all verilog files/Integrator.v" into library xil_defaultlib
INFO: [VRFC 10-311] analyzing module Integrator
