Vivado Simulator 2018.2
Copyright 1986-1999, 2001-2018 Xilinx, Inc. All Rights Reserved.
Running: D:/vivado/Vivado/2018.2/bin/unwrapped/win64.o/xelab.exe -wto 110dbef765344c189bedf8564b105026 --incr --debug typical --relax --mt 2 -L xbip_utils_v3_0_9 -L c_reg_fd_v12_0_5 -L xbip_dsp48_wrapper_v3_0_4 -L xbip_pipe_v3_0_5 -L xbip_dsp48_addsub_v3_0_5 -L xbip_addsub_v3_0_5 -L c_addsub_v12_0_12 -L xbip_bram18k_v3_0_5 -L mult_gen_v12_0_14 -L axi_utils_v2_0_5 -L cordic_v6_0_14 -L xil_defaultlib -L unisims_ver -L unimacro_ver -L secureip -L xpm --snapshot Integrator_behav xil_defaultlib.Integrator xil_defaultlib.glbl -log elaborate.log 
Using 2 slave threads.
Starting static elaboration
WARNING: [VRFC 10-278] actual bit length 32 differs from formal bit length 1 for port Cin [C:/Users/sujan/Desktop/project final files/Vivado_write_read-20200504T155658Z-001/Vivado_write_read/Vivado_write_read.srcs/sources_1/imports/sources_1/imports/new/multiplier_16bit.v:343]
WARNING: [VRFC 10-278] actual bit length 32 differs from formal bit length 1 for port Cin [C:/Users/sujan/Desktop/project final files/Vivado_write_read-20200504T155658Z-001/Vivado_write_read/Vivado_write_read.srcs/sources_1/imports/sources_1/imports/new/multiplier_16bit.v:344]
WARNING: [VRFC 10-278] actual bit length 32 differs from formal bit length 1 for port Cin [C:/Users/sujan/Desktop/project final files/Vivado_write_read-20200504T155658Z-001/Vivado_write_read/Vivado_write_read.srcs/sources_1/imports/sources_1/imports/new/multiplier_16bit.v:345]
WARNING: [VRFC 10-278] actual bit length 32 differs from formal bit length 1 for port Cin [C:/Users/sujan/Desktop/project final files/Vivado_write_read-20200504T155658Z-001/Vivado_write_read/Vivado_write_read.srcs/sources_1/imports/sources_1/imports/new/multiplier_16bit.v:346]
WARNING: [VRFC 10-278] actual bit length 32 differs from formal bit length 1 for port Cin [C:/Users/sujan/Desktop/project final files/Vivado_write_read-20200504T155658Z-001/Vivado_write_read/Vivado_write_read.srcs/sources_1/imports/sources_1/imports/new/multiplier_16bit.v:347]
WARNING: [VRFC 10-278] actual bit length 32 differs from formal bit length 1 for port Cin [C:/Users/sujan/Desktop/project final files/Vivado_write_read-20200504T155658Z-001/Vivado_write_read/Vivado_write_read.srcs/sources_1/imports/sources_1/imports/new/multiplier_16bit.v:348]
WARNING: [VRFC 10-278] actual bit length 32 differs from formal bit length 1 for port Cin [C:/Users/sujan/Desktop/project final files/Vivado_write_read-20200504T155658Z-001/Vivado_write_read/Vivado_write_read.srcs/sources_1/imports/sources_1/imports/new/multiplier_16bit.v:349]
WARNING: [VRFC 10-278] actual bit length 32 differs from formal bit length 1 for port Cin [C:/Users/sujan/Desktop/project final files/Vivado_write_read-20200504T155658Z-001/Vivado_write_read/Vivado_write_read.srcs/sources_1/imports/sources_1/imports/new/multiplier_16bit.v:350]
WARNING: [VRFC 10-278] actual bit length 32 differs from formal bit length 1 for port Cin [C:/Users/sujan/Desktop/project final files/Vivado_write_read-20200504T155658Z-001/Vivado_write_read/Vivado_write_read.srcs/sources_1/imports/sources_1/imports/new/multiplier_16bit.v:351]
WARNING: [VRFC 10-278] actual bit length 32 differs from formal bit length 1 for port Cin [C:/Users/sujan/Desktop/project final files/Vivado_write_read-20200504T155658Z-001/Vivado_write_read/Vivado_write_read.srcs/sources_1/imports/sources_1/imports/new/multiplier_16bit.v:352]
WARNING: [VRFC 10-278] actual bit length 32 differs from formal bit length 1 for port Cin [C:/Users/sujan/Desktop/project final files/Vivado_write_read-20200504T155658Z-001/Vivado_write_read/Vivado_write_read.srcs/sources_1/imports/sources_1/imports/new/multiplier_16bit.v:353]
WARNING: [VRFC 10-278] actual bit length 32 differs from formal bit length 1 for port Cin [C:/Users/sujan/Desktop/project final files/Vivado_write_read-20200504T155658Z-001/Vivado_write_read/Vivado_write_read.srcs/sources_1/imports/sources_1/imports/new/multiplier_16bit.v:354]
WARNING: [VRFC 10-278] actual bit length 32 differs from formal bit length 1 for port Cin [C:/Users/sujan/Desktop/project final files/Vivado_write_read-20200504T155658Z-001/Vivado_write_read/Vivado_write_read.srcs/sources_1/imports/sources_1/imports/new/multiplier_16bit.v:355]
WARNING: [VRFC 10-278] actual bit length 32 differs from formal bit length 1 for port Cin [C:/Users/sujan/Desktop/project final files/Vivado_write_read-20200504T155658Z-001/Vivado_write_read/Vivado_write_read.srcs/sources_1/imports/sources_1/imports/new/multiplier_16bit.v:356]
WARNING: [VRFC 10-278] actual bit length 32 differs from formal bit length 1 for port Cin [C:/Users/sujan/Desktop/project final files/Vivado_write_read-20200504T155658Z-001/Vivado_write_read/Vivado_write_read.srcs/sources_1/imports/sources_1/imports/new/multiplier_16bit.v:357]
WARNING: [VRFC 10-278] actual bit length 32 differs from formal bit length 16 for port r2 [C:/Users/sujan/Desktop/project final files/Vivado_write_read-20200504T155658Z-001/Vivado_write_read/Vivado_write_read.srcs/sources_1/imports/sources_1/imports/new/Integrator.v:86]
WARNING: [VRFC 10-278] actual bit length 32 differs from formal bit length 1 for port Cin [C:/Users/sujan/Desktop/project final files/Vivado_write_read-20200504T155658Z-001/Vivado_write_read/Vivado_write_read.srcs/sources_1/imports/sources_1/imports/new/multiplier_32bit.v:1201]
WARNING: [VRFC 10-278] actual bit length 32 differs from formal bit length 1 for port Cin [C:/Users/sujan/Desktop/project final files/Vivado_write_read-20200504T155658Z-001/Vivado_write_read/Vivado_write_read.srcs/sources_1/imports/sources_1/imports/new/multiplier_32bit.v:1202]
WARNING: [VRFC 10-278] actual bit length 32 differs from formal bit length 1 for port Cin [C:/Users/sujan/Desktop/project final files/Vivado_write_read-20200504T155658Z-001/Vivado_write_read/Vivado_write_read.srcs/sources_1/imports/sources_1/imports/new/multiplier_32bit.v:1203]
WARNING: [VRFC 10-278] actual bit length 32 differs from formal bit length 1 for port Cin [C:/Users/sujan/Desktop/project final files/Vivado_write_read-20200504T155658Z-001/Vivado_write_read/Vivado_write_read.srcs/sources_1/imports/sources_1/imports/new/multiplier_32bit.v:1204]
WARNING: [VRFC 10-278] actual bit length 32 differs from formal bit length 1 for port Cin [C:/Users/sujan/Desktop/project final files/Vivado_write_read-20200504T155658Z-001/Vivado_write_read/Vivado_write_read.srcs/sources_1/imports/sources_1/imports/new/multiplier_32bit.v:1205]
WARNING: [VRFC 10-278] actual bit length 32 differs from formal bit length 1 for port Cin [C:/Users/sujan/Desktop/project final files/Vivado_write_read-20200504T155658Z-001/Vivado_write_read/Vivado_write_read.srcs/sources_1/imports/sources_1/imports/new/multiplier_32bit.v:1206]
WARNING: [VRFC 10-278] actual bit length 32 differs from formal bit length 1 for port Cin [C:/Users/sujan/Desktop/project final files/Vivado_write_read-20200504T155658Z-001/Vivado_write_read/Vivado_write_read.srcs/sources_1/imports/sources_1/imports/new/multiplier_32bit.v:1207]
WARNING: [VRFC 10-278] actual bit length 32 differs from formal bit length 1 for port Cin [C:/Users/sujan/Desktop/project final files/Vivado_write_read-20200504T155658Z-001/Vivado_write_read/Vivado_write_read.srcs/sources_1/imports/sources_1/imports/new/multiplier_32bit.v:1208]
WARNING: [VRFC 10-278] actual bit length 32 differs from formal bit length 1 for port Cin [C:/Users/sujan/Desktop/project final files/Vivado_write_read-20200504T155658Z-001/Vivado_write_read/Vivado_write_read.srcs/sources_1/imports/sources_1/imports/new/multiplier_32bit.v:1209]
WARNING: [VRFC 10-278] actual bit length 32 differs from formal bit length 1 for port Cin [C:/Users/sujan/Desktop/project final files/Vivado_write_read-20200504T155658Z-001/Vivado_write_read/Vivado_write_read.srcs/sources_1/imports/sources_1/imports/new/multiplier_32bit.v:1210]
WARNING: [VRFC 10-278] actual bit length 32 differs from formal bit length 1 for port Cin [C:/Users/sujan/Desktop/project final files/Vivado_write_read-20200504T155658Z-001/Vivado_write_read/Vivado_write_read.srcs/sources_1/imports/sources_1/imports/new/multiplier_32bit.v:1211]
WARNING: [VRFC 10-278] actual bit length 32 differs from formal bit length 1 for port Cin [C:/Users/sujan/Desktop/project final files/Vivado_write_read-20200504T155658Z-001/Vivado_write_read/Vivado_write_read.srcs/sources_1/imports/sources_1/imports/new/multiplier_32bit.v:1212]
WARNING: [VRFC 10-278] actual bit length 32 differs from formal bit length 1 for port Cin [C:/Users/sujan/Desktop/project final files/Vivado_write_read-20200504T155658Z-001/Vivado_write_read/Vivado_write_read.srcs/sources_1/imports/sources_1/imports/new/multiplier_32bit.v:1213]
WARNING: [VRFC 10-278] actual bit length 32 differs from formal bit length 1 for port Cin [C:/Users/sujan/Desktop/project final files/Vivado_write_read-20200504T155658Z-001/Vivado_write_read/Vivado_write_read.srcs/sources_1/imports/sources_1/imports/new/multiplier_32bit.v:1214]
WARNING: [VRFC 10-278] actual bit length 32 differs from formal bit length 1 for port Cin [C:/Users/sujan/Desktop/project final files/Vivado_write_read-20200504T155658Z-001/Vivado_write_read/Vivado_write_read.srcs/sources_1/imports/sources_1/imports/new/multiplier_32bit.v:1215]
WARNING: [VRFC 10-278] actual bit length 32 differs from formal bit length 1 for port Cin [C:/Users/sujan/Desktop/project final files/Vivado_write_read-20200504T155658Z-001/Vivado_write_read/Vivado_write_read.srcs/sources_1/imports/sources_1/imports/new/multiplier_32bit.v:1216]
WARNING: [VRFC 10-278] actual bit length 32 differs from formal bit length 1 for port Cin [C:/Users/sujan/Desktop/project final files/Vivado_write_read-20200504T155658Z-001/Vivado_write_read/Vivado_write_read.srcs/sources_1/imports/sources_1/imports/new/multiplier_32bit.v:1217]
WARNING: [VRFC 10-278] actual bit length 32 differs from formal bit length 1 for port Cin [C:/Users/sujan/Desktop/project final files/Vivado_write_read-20200504T155658Z-001/Vivado_write_read/Vivado_write_read.srcs/sources_1/imports/sources_1/imports/new/multiplier_32bit.v:1218]
WARNING: [VRFC 10-278] actual bit length 32 differs from formal bit length 1 for port Cin [C:/Users/sujan/Desktop/project final files/Vivado_write_read-20200504T155658Z-001/Vivado_write_read/Vivado_write_read.srcs/sources_1/imports/sources_1/imports/new/multiplier_32bit.v:1219]
WARNING: [VRFC 10-278] actual bit length 32 differs from formal bit length 1 for port Cin [C:/Users/sujan/Desktop/project final files/Vivado_write_read-20200504T155658Z-001/Vivado_write_read/Vivado_write_read.srcs/sources_1/imports/sources_1/imports/new/multiplier_32bit.v:1220]
WARNING: [VRFC 10-278] actual bit length 32 differs from formal bit length 1 for port Cin [C:/Users/sujan/Desktop/project final files/Vivado_write_read-20200504T155658Z-001/Vivado_write_read/Vivado_write_read.srcs/sources_1/imports/sources_1/imports/new/multiplier_32bit.v:1221]
WARNING: [VRFC 10-278] actual bit length 32 differs from formal bit length 1 for port Cin [C:/Users/sujan/Desktop/project final files/Vivado_write_read-20200504T155658Z-001/Vivado_write_read/Vivado_write_read.srcs/sources_1/imports/sources_1/imports/new/multiplier_32bit.v:1222]
WARNING: [VRFC 10-278] actual bit length 32 differs from formal bit length 1 for port Cin [C:/Users/sujan/Desktop/project final files/Vivado_write_read-20200504T155658Z-001/Vivado_write_read/Vivado_write_read.srcs/sources_1/imports/sources_1/imports/new/multiplier_32bit.v:1223]
WARNING: [VRFC 10-278] actual bit length 32 differs from formal bit length 1 for port Cin [C:/Users/sujan/Desktop/project final files/Vivado_write_read-20200504T155658Z-001/Vivado_write_read/Vivado_write_read.srcs/sources_1/imports/sources_1/imports/new/multiplier_32bit.v:1224]
WARNING: [VRFC 10-278] actual bit length 32 differs from formal bit length 1 for port Cin [C:/Users/sujan/Desktop/project final files/Vivado_write_read-20200504T155658Z-001/Vivado_write_read/Vivado_write_read.srcs/sources_1/imports/sources_1/imports/new/multiplier_32bit.v:1225]
WARNING: [VRFC 10-278] actual bit length 32 differs from formal bit length 1 for port Cin [C:/Users/sujan/Desktop/project final files/Vivado_write_read-20200504T155658Z-001/Vivado_write_read/Vivado_write_read.srcs/sources_1/imports/sources_1/imports/new/multiplier_32bit.v:1226]
WARNING: [VRFC 10-278] actual bit length 32 differs from formal bit length 1 for port Cin [C:/Users/sujan/Desktop/project final files/Vivado_write_read-20200504T155658Z-001/Vivado_write_read/Vivado_write_read.srcs/sources_1/imports/sources_1/imports/new/multiplier_32bit.v:1227]
WARNING: [VRFC 10-278] actual bit length 32 differs from formal bit length 1 for port Cin [C:/Users/sujan/Desktop/project final files/Vivado_write_read-20200504T155658Z-001/Vivado_write_read/Vivado_write_read.srcs/sources_1/imports/sources_1/imports/new/multiplier_32bit.v:1228]
WARNING: [VRFC 10-278] actual bit length 32 differs from formal bit length 1 for port Cin [C:/Users/sujan/Desktop/project final files/Vivado_write_read-20200504T155658Z-001/Vivado_write_read/Vivado_write_read.srcs/sources_1/imports/sources_1/imports/new/multiplier_32bit.v:1229]
WARNING: [VRFC 10-278] actual bit length 32 differs from formal bit length 1 for port Cin [C:/Users/sujan/Desktop/project final files/Vivado_write_read-20200504T155658Z-001/Vivado_write_read/Vivado_write_read.srcs/sources_1/imports/sources_1/imports/new/multiplier_32bit.v:1230]
WARNING: [VRFC 10-278] actual bit length 32 differs from formal bit length 1 for port Cin [C:/Users/sujan/Desktop/project final files/Vivado_write_read-20200504T155658Z-001/Vivado_write_read/Vivado_write_read.srcs/sources_1/imports/sources_1/imports/new/multiplier_32bit.v:1231]
Completed static elaboration
INFO: [XSIM 43-4323] No Change in HDL. Linking previously generated obj files to create kernel
