INFO: [VRFC 10-2263] Analyzing Verilog file "F:/FYP-FINAL/final project/final project.srcs/sources_1/imports/FYP-FINAL/Cordic_final/Velocity_selector.v" into library xil_defaultlib
INFO: [VRFC 10-311] analyzing module Velocity_selector
INFO: [VRFC 10-2263] Analyzing Verilog file "F:/FYP-FINAL/final project/final project.srcs/sources_1/imports/FYP-FINAL/coll_det/adder_64bit.v" into library xil_defaultlib
INFO: [VRFC 10-311] analyzing module adder_64bit
INFO: [VRFC 10-2263] Analyzing Verilog file "F:/FYP-FINAL/final project/final project.srcs/sources_1/imports/FYP-FINAL/coll_det/coll_det.v" into library xil_defaultlib
INFO: [VRFC 10-311] analyzing module coll_det
INFO: [VRFC 10-2263] Analyzing Verilog file "F:/FYP-FINAL/final project/final project.srcs/sources_1/imports/FYP-FINAL/coll_det/comparator.v" into library xil_defaultlib
INFO: [VRFC 10-311] analyzing module comparator
INFO: [VRFC 10-2263] Analyzing Verilog file "F:/FYP-FINAL/final project/final project.srcs/sources_1/imports/FYP-FINAL/integration_try1/integration_try1.ip_user_files/ip/cordic_0/cordic_0_stub.v" into library xil_defaultlib
INFO: [VRFC 10-311] analyzing module cordic_0
INFO: [VRFC 10-2263] Analyzing Verilog file "F:/FYP-FINAL/final project/final project.srcs/sources_1/imports/FYP-FINAL/integration_try1/integration_try1.ip_user_files/ip/cordic_1/cordic_1_stub.v" into library xil_defaultlib
INFO: [VRFC 10-311] analyzing module cordic_1
INFO: [VRFC 10-2263] Analyzing Verilog file "F:/FYP-FINAL/final project/final project.srcs/sources_1/imports/FYP-FINAL/coll_det/multiplier_16bit.v" into library xil_defaultlib
INFO: [VRFC 10-311] analyzing module multiplier_16bit
INFO: [VRFC 10-2263] Analyzing Verilog file "F:/FYP-FINAL/final project/final project.srcs/sources_1/imports/FYP-FINAL/update_posvel/update_posvel.srcs/sources_1/imports/New folder/shifter.v" into library xil_defaultlib
INFO: [VRFC 10-311] analyzing module shifter
INFO: [VRFC 10-2263] Analyzing Verilog file "F:/FYP-FINAL/final project/final project.srcs/sources_1/imports/FYP-FINAL/synchronisation/simultaneous_read.v" into library xil_defaultlib
INFO: [VRFC 10-311] analyzing module read_test
INFO: [VRFC 10-2263] Analyzing Verilog file "F:/FYP-FINAL/final project/final project.srcs/sources_1/imports/FYP-FINAL/coll_det/subtractor_16bit.v" into library xil_defaultlib
INFO: [VRFC 10-311] analyzing module subtractor_16bit
INFO: [VRFC 10-2263] Analyzing Verilog file "F:/FYP-FINAL/final project/final project.srcs/sources_1/imports/FYP-FINAL/coll_det/subtractor_4bit.v" into library xil_defaultlib
INFO: [VRFC 10-311] analyzing module subtractor_4bit
INFO: [VRFC 10-2263] Analyzing Verilog file "F:/FYP-FINAL/final project/final project.srcs/sources_1/imports/FYP-FINAL/update_posvel/update_posvel.srcs/sources_1/imports/New folder/update_module.v" into library xil_defaultlib
INFO: [VRFC 10-311] analyzing module update_module
INFO: [VRFC 10-2263] Analyzing Verilog file "F:/FYP-FINAL/final project/final project.srcs/sources_1/imports/FYP-FINAL/synchronisation/write_simultaneous.v" into library xil_defaultlib
INFO: [VRFC 10-311] analyzing module write_test
INFO: [VRFC 10-2263] Analyzing Verilog file "F:/FYP-FINAL/final project/final project.srcs/sources_1/imports/FYP-FINAL/integration_try1/integration_try1.srcs/sources_1/new/Integrator.v" into library xil_defaultlib
INFO: [VRFC 10-311] analyzing module Integrator
