Vivado Simulator 2018.2
Copyright 1986-1999, 2001-2018 Xilinx, Inc. All Rights Reserved.
Running: C:/Xilinx/Vivado/2018.2/bin/unwrapped/win64.o/xelab.exe -wto 1a5e0d0325ac4d40b473a3f339e17514 --incr --debug typical --relax --mt 2 -L xbip_utils_v3_0_9 -L c_reg_fd_v12_0_5 -L xbip_dsp48_wrapper_v3_0_4 -L xbip_pipe_v3_0_5 -L xbip_dsp48_addsub_v3_0_5 -L xbip_addsub_v3_0_5 -L c_addsub_v12_0_12 -L xbip_bram18k_v3_0_5 -L mult_gen_v12_0_14 -L axi_utils_v2_0_5 -L cordic_v6_0_14 -L xil_defaultlib -L unisims_ver -L unimacro_ver -L secureip -L xpm --snapshot Integrator_behav xil_defaultlib.Integrator xil_defaultlib.glbl -log elaborate.log 
Using 2 slave threads.
Starting static elaboration
ERROR: [VRFC 10-91] sn$fclose is not declared [F:/FYP-FINAL/synchronisation/write_simultaneous.v:32]
WARNING: [VRFC 10-278] actual bit length 32 differs from formal bit length 1 for port Cin [F:/FYP-FINAL/update_posvel/update_posvel.srcs/sources_1/imports/New folder/multiplier_16bit.v:343]
WARNING: [VRFC 10-278] actual bit length 32 differs from formal bit length 1 for port Cin [F:/FYP-FINAL/update_posvel/update_posvel.srcs/sources_1/imports/New folder/multiplier_16bit.v:344]
WARNING: [VRFC 10-278] actual bit length 32 differs from formal bit length 1 for port Cin [F:/FYP-FINAL/update_posvel/update_posvel.srcs/sources_1/imports/New folder/multiplier_16bit.v:345]
WARNING: [VRFC 10-278] actual bit length 32 differs from formal bit length 1 for port Cin [F:/FYP-FINAL/update_posvel/update_posvel.srcs/sources_1/imports/New folder/multiplier_16bit.v:346]
WARNING: [VRFC 10-278] actual bit length 32 differs from formal bit length 1 for port Cin [F:/FYP-FINAL/update_posvel/update_posvel.srcs/sources_1/imports/New folder/multiplier_16bit.v:347]
WARNING: [VRFC 10-278] actual bit length 32 differs from formal bit length 1 for port Cin [F:/FYP-FINAL/update_posvel/update_posvel.srcs/sources_1/imports/New folder/multiplier_16bit.v:348]
WARNING: [VRFC 10-278] actual bit length 32 differs from formal bit length 1 for port Cin [F:/FYP-FINAL/update_posvel/update_posvel.srcs/sources_1/imports/New folder/multiplier_16bit.v:349]
WARNING: [VRFC 10-278] actual bit length 32 differs from formal bit length 1 for port Cin [F:/FYP-FINAL/update_posvel/update_posvel.srcs/sources_1/imports/New folder/multiplier_16bit.v:350]
WARNING: [VRFC 10-278] actual bit length 32 differs from formal bit length 1 for port Cin [F:/FYP-FINAL/update_posvel/update_posvel.srcs/sources_1/imports/New folder/multiplier_16bit.v:351]
WARNING: [VRFC 10-278] actual bit length 32 differs from formal bit length 1 for port Cin [F:/FYP-FINAL/update_posvel/update_posvel.srcs/sources_1/imports/New folder/multiplier_16bit.v:352]
WARNING: [VRFC 10-278] actual bit length 32 differs from formal bit length 1 for port Cin [F:/FYP-FINAL/update_posvel/update_posvel.srcs/sources_1/imports/New folder/multiplier_16bit.v:353]
WARNING: [VRFC 10-278] actual bit length 32 differs from formal bit length 1 for port Cin [F:/FYP-FINAL/update_posvel/update_posvel.srcs/sources_1/imports/New folder/multiplier_16bit.v:354]
WARNING: [VRFC 10-278] actual bit length 32 differs from formal bit length 1 for port Cin [F:/FYP-FINAL/update_posvel/update_posvel.srcs/sources_1/imports/New folder/multiplier_16bit.v:355]
WARNING: [VRFC 10-278] actual bit length 32 differs from formal bit length 1 for port Cin [F:/FYP-FINAL/update_posvel/update_posvel.srcs/sources_1/imports/New folder/multiplier_16bit.v:356]
WARNING: [VRFC 10-278] actual bit length 32 differs from formal bit length 1 for port Cin [F:/FYP-FINAL/update_posvel/update_posvel.srcs/sources_1/imports/New folder/multiplier_16bit.v:357]
WARNING: [VRFC 10-278] actual bit length 32 differs from formal bit length 16 for port r2 [F:/FYP-FINAL/integration_try2/integration_try1.srcs/sources_1/new/Integrator.v:73]
ERROR: [XSIM 43-3322] Static elaboration of top level Verilog design unit(s) in library work failed.
